2022-03-19 17:17:06,606 INFO org.springframework.boot.StartupInfoLogger [main] Starting CorkDorkApplication using Java 17.0.2 on DESKTOP-M5MIBBQ with PID 22768 (D:\IntellijProjects\corkdork\target\classes started by Fredrik in D:\IntellijProjects\corkdork)
2022-03-19 17:17:06,609 INFO org.springframework.boot.SpringApplication [main] No active profile set, falling back to 1 default profile: "default"
2022-03-19 17:17:06,983 INFO org.springframework.data.repository.config.RepositoryConfigurationDelegate [main] Bootstrapping Spring Data JPA repositories in DEFAULT mode.
2022-03-19 17:17:07,022 INFO org.springframework.data.repository.config.RepositoryConfigurationDelegate [main] Finished Spring Data repository scanning in 32 ms. Found 6 JPA repository interfaces.
2022-03-19 17:17:07,303 INFO org.springframework.boot.web.embedded.tomcat.TomcatWebServer [main] Tomcat initialized with port(s): 8080 (http)
2022-03-19 17:17:07,308 INFO org.apache.juli.logging.DirectJDKLog [main] Initializing ProtocolHandler ["http-nio-8080"]
2022-03-19 17:17:07,309 INFO org.apache.juli.logging.DirectJDKLog [main] Starting service [Tomcat]
2022-03-19 17:17:07,309 INFO org.apache.juli.logging.DirectJDKLog [main] Starting Servlet engine: [Apache Tomcat/9.0.58]
2022-03-19 17:17:07,362 INFO org.apache.juli.logging.DirectJDKLog [main] Initializing Spring embedded WebApplicationContext
2022-03-19 17:17:07,362 INFO org.springframework.boot.web.servlet.context.ServletWebServerApplicationContext [main] Root WebApplicationContext: initialization completed in 721 ms
2022-03-19 17:17:07,475 INFO org.hibernate.jpa.internal.util.LogHelper [main] HHH000204: Processing PersistenceUnitInfo [name: default]
2022-03-19 17:17:07,503 INFO org.hibernate.Version [main] HHH000412: Hibernate ORM core version 5.6.5.Final
2022-03-19 17:17:07,576 INFO org.hibernate.annotations.common.reflection.java.JavaReflectionManager [main] HCANN000001: Hibernate Commons Annotations {5.1.2.Final}
2022-03-19 17:17:07,631 INFO com.zaxxer.hikari.HikariDataSource [main] HikariPool-1 - Starting...
2022-03-19 17:17:07,820 INFO com.zaxxer.hikari.HikariDataSource [main] HikariPool-1 - Start completed.
2022-03-19 17:17:07,833 INFO org.hibernate.dialect.Dialect [main] HHH000400: Using dialect: org.hibernate.dialect.MySQL8Dialect
2022-03-19 17:17:08,298 INFO org.hibernate.engine.transaction.jta.platform.internal.JtaPlatformInitiator [main] HHH000490: Using JtaPlatform implementation: [org.hibernate.engine.transaction.jta.platform.internal.NoJtaPlatform]
2022-03-19 17:17:08,303 INFO org.springframework.orm.jpa.AbstractEntityManagerFactoryBean [main] Initialized JPA EntityManagerFactory for persistence unit 'default'
2022-03-19 17:17:08,481 WARN org.springframework.boot.autoconfigure.orm.jpa.JpaBaseConfiguration$JpaWebConfiguration [main] spring.jpa.open-in-view is enabled by default. Therefore, database queries may be performed during view rendering. Explicitly configure spring.jpa.open-in-view to disable this warning
2022-03-19 17:17:08,690 INFO org.apache.juli.logging.DirectJDKLog [main] Starting ProtocolHandler ["http-nio-8080"]
2022-03-19 17:17:08,704 INFO org.springframework.boot.web.embedded.tomcat.TomcatWebServer [main] Tomcat started on port(s): 8080 (http) with context path ''
2022-03-19 17:17:08,711 INFO org.springframework.boot.StartupInfoLogger [main] Started CorkDorkApplication in 2.441 seconds (JVM running for 2.931)
2022-03-19 17:17:12,952 INFO org.apache.juli.logging.DirectJDKLog [http-nio-8080-exec-1] Initializing Spring DispatcherServlet 'dispatcherServlet'
2022-03-19 17:17:12,952 INFO org.springframework.web.servlet.FrameworkServlet [http-nio-8080-exec-1] Initializing Servlet 'dispatcherServlet'
2022-03-19 17:17:12,953 INFO org.springframework.web.servlet.FrameworkServlet [http-nio-8080-exec-1] Completed initialization in 1 ms
2022-03-19 17:17:12,965 INFO se.iths.corkdork.logger.LoggingController [http-nio-8080-exec-1] A INFO Message
2022-03-19 17:17:12,965 WARN se.iths.corkdork.logger.LoggingController [http-nio-8080-exec-1] A WARN Message
2022-03-19 17:17:12,965 ERROR se.iths.corkdork.logger.LoggingController [http-nio-8080-exec-1] A ERROR Message
2022-03-21 11:23:57,197 INFO org.springframework.boot.StartupInfoLogger [main] Starting CorkDorkApplication using Java 17.0.2 on DESKTOP-QMDKL51 with PID 16840 (C:\Users\Philippe\Documents\Java\JavaEnterprise\CorkDork\target\classes started by Philippe in C:\Users\Philippe\Documents\Java\JavaEnterprise\CorkDork)
2022-03-21 11:23:57,202 INFO org.springframework.boot.SpringApplication [main] No active profile set, falling back to 1 default profile: "default"
2022-03-21 11:23:58,460 INFO org.springframework.data.repository.config.RepositoryConfigurationDelegate [main] Bootstrapping Spring Data JPA repositories in DEFAULT mode.
2022-03-21 11:23:58,583 INFO org.springframework.data.repository.config.RepositoryConfigurationDelegate [main] Finished Spring Data repository scanning in 86 ms. Found 6 JPA repository interfaces.
2022-03-21 11:23:59,350 INFO org.springframework.boot.web.embedded.tomcat.TomcatWebServer [main] Tomcat initialized with port(s): 8080 (http)
2022-03-21 11:23:59,365 INFO org.apache.juli.logging.DirectJDKLog [main] Initializing ProtocolHandler ["http-nio-8080"]
2022-03-21 11:23:59,366 INFO org.apache.juli.logging.DirectJDKLog [main] Starting service [Tomcat]
2022-03-21 11:23:59,366 INFO org.apache.juli.logging.DirectJDKLog [main] Starting Servlet engine: [Apache Tomcat/9.0.58]
2022-03-21 11:23:59,491 INFO org.apache.juli.logging.DirectJDKLog [main] Initializing Spring embedded WebApplicationContext
2022-03-21 11:23:59,491 INFO org.springframework.boot.web.servlet.context.ServletWebServerApplicationContext [main] Root WebApplicationContext: initialization completed in 2206 ms
2022-03-21 11:23:59,717 INFO org.hibernate.jpa.internal.util.LogHelper [main] HHH000204: Processing PersistenceUnitInfo [name: default]
2022-03-21 11:23:59,798 INFO org.hibernate.Version [main] HHH000412: Hibernate ORM core version 5.6.5.Final
2022-03-21 11:24:00,020 INFO org.hibernate.annotations.common.reflection.java.JavaReflectionManager [main] HCANN000001: Hibernate Commons Annotations {5.1.2.Final}
2022-03-21 11:24:00,134 INFO com.zaxxer.hikari.HikariDataSource [main] HikariPool-1 - Starting...
2022-03-21 11:24:00,562 INFO com.zaxxer.hikari.HikariDataSource [main] HikariPool-1 - Start completed.
2022-03-21 11:24:00,587 INFO org.hibernate.dialect.Dialect [main] HHH000400: Using dialect: org.hibernate.dialect.MySQL8Dialect
2022-03-21 11:24:01,879 INFO org.hibernate.engine.transaction.jta.platform.internal.JtaPlatformInitiator [main] HHH000490: Using JtaPlatform implementation: [org.hibernate.engine.transaction.jta.platform.internal.NoJtaPlatform]
2022-03-21 11:24:01,889 INFO org.springframework.orm.jpa.AbstractEntityManagerFactoryBean [main] Initialized JPA EntityManagerFactory for persistence unit 'default'
2022-03-21 11:24:02,588 WARN org.springframework.boot.autoconfigure.orm.jpa.JpaBaseConfiguration$JpaWebConfiguration [main] spring.jpa.open-in-view is enabled by default. Therefore, database queries may be performed during view rendering. Explicitly configure spring.jpa.open-in-view to disable this warning
2022-03-21 11:24:02,945 INFO org.springframework.security.web.DefaultSecurityFilterChain [main] Will not secure any request
2022-03-21 11:24:03,329 INFO org.apache.juli.logging.DirectJDKLog [main] Starting ProtocolHandler ["http-nio-8080"]
2022-03-21 11:24:03,351 INFO org.springframework.boot.web.embedded.tomcat.TomcatWebServer [main] Tomcat started on port(s): 8080 (http) with context path ''
2022-03-21 11:24:03,363 INFO org.springframework.boot.StartupInfoLogger [main] Started CorkDorkApplication in 7.092 seconds (JVM running for 8.714)
2022-03-21 11:24:13,292 INFO org.apache.juli.logging.DirectJDKLog [http-nio-8080-exec-1] Initializing Spring DispatcherServlet 'dispatcherServlet'
2022-03-21 11:24:13,292 INFO org.springframework.web.servlet.FrameworkServlet [http-nio-8080-exec-1] Initializing Servlet 'dispatcherServlet'
2022-03-21 11:24:13,294 INFO org.springframework.web.servlet.FrameworkServlet [http-nio-8080-exec-1] Completed initialization in 0 ms
2022-03-21 11:24:21,117 INFO se.iths.corkdork.logger.LoggingController [http-nio-8080-exec-8] A INFO Message
2022-03-21 11:24:21,118 WARN se.iths.corkdork.logger.LoggingController [http-nio-8080-exec-8] A WARN Message
2022-03-21 11:24:21,118 ERROR se.iths.corkdork.logger.LoggingController [http-nio-8080-exec-8] A ERROR Message
2022-03-21 11:25:42,222 INFO se.iths.corkdork.logger.LoggingController [http-nio-8080-exec-2] A INFO Message
2022-03-21 11:25:42,224 WARN se.iths.corkdork.logger.LoggingController [http-nio-8080-exec-2] A WARN Message
2022-03-21 11:25:42,226 ERROR se.iths.corkdork.logger.LoggingController [http-nio-8080-exec-2] A ERROR Message
2022-03-21 11:25:45,571 INFO se.iths.corkdork.logger.LoggingController [http-nio-8080-exec-3] A INFO Message
2022-03-21 11:25:45,573 WARN se.iths.corkdork.logger.LoggingController [http-nio-8080-exec-3] A WARN Message
2022-03-21 11:25:45,574 ERROR se.iths.corkdork.logger.LoggingController [http-nio-8080-exec-3] A ERROR Message
2022-03-21 11:25:56,954 INFO se.iths.corkdork.logger.LoggingController [http-nio-8080-exec-1] A INFO Message
2022-03-21 11:25:56,954 WARN se.iths.corkdork.logger.LoggingController [http-nio-8080-exec-1] A WARN Message
2022-03-21 11:25:56,955 ERROR se.iths.corkdork.logger.LoggingController [http-nio-8080-exec-1] A ERROR Message
2022-03-21 12:59:13,910 WARN com.zaxxer.hikari.pool.HikariPool$HouseKeeper [HikariPool-1 housekeeper] HikariPool-1 - Thread starvation or clock leap detected (housekeeper delta=1h15m12s958ms496µs500ns).
2022-03-21 13:50:21,893 INFO org.springframework.orm.jpa.AbstractEntityManagerFactoryBean [SpringApplicationShutdownHook] Closing JPA EntityManagerFactory for persistence unit 'default'
2022-03-21 13:50:21,976 INFO com.zaxxer.hikari.HikariDataSource [SpringApplicationShutdownHook] HikariPool-1 - Shutdown initiated...
2022-03-21 13:50:22,055 INFO com.zaxxer.hikari.HikariDataSource [SpringApplicationShutdownHook] HikariPool-1 - Shutdown completed.
2022-03-21 13:50:36,731 INFO org.springframework.boot.StartupInfoLogger [main] Starting CorkDorkApplication using Java 17.0.2 on DESKTOP-QMDKL51 with PID 16432 (C:\Users\Philippe\Documents\Java\JavaEnterprise\CorkDork\target\classes started by Philippe in C:\Users\Philippe\Documents\Java\JavaEnterprise\CorkDork)
2022-03-21 13:50:36,738 INFO org.springframework.boot.SpringApplication [main] No active profile set, falling back to 1 default profile: "default"
2022-03-21 13:50:38,826 INFO org.springframework.data.repository.config.RepositoryConfigurationDelegate [main] Bootstrapping Spring Data JPA repositories in DEFAULT mode.
2022-03-21 13:50:39,059 INFO org.springframework.data.repository.config.RepositoryConfigurationDelegate [main] Finished Spring Data repository scanning in 127 ms. Found 6 JPA repository interfaces.
2022-03-21 13:50:39,896 INFO org.springframework.boot.web.embedded.tomcat.TomcatWebServer [main] Tomcat initialized with port(s): 8080 (http)
2022-03-21 13:50:39,909 INFO org.apache.juli.logging.DirectJDKLog [main] Initializing ProtocolHandler ["http-nio-8080"]
2022-03-21 13:50:39,910 INFO org.apache.juli.logging.DirectJDKLog [main] Starting service [Tomcat]
2022-03-21 13:50:39,911 INFO org.apache.juli.logging.DirectJDKLog [main] Starting Servlet engine: [Apache Tomcat/9.0.58]
2022-03-21 13:50:40,025 INFO org.apache.juli.logging.DirectJDKLog [main] Initializing Spring embedded WebApplicationContext
2022-03-21 13:50:40,026 INFO org.springframework.boot.web.servlet.context.ServletWebServerApplicationContext [main] Root WebApplicationContext: initialization completed in 2880 ms
2022-03-21 13:50:40,333 INFO org.hibernate.jpa.internal.util.LogHelper [main] HHH000204: Processing PersistenceUnitInfo [name: default]
2022-03-21 13:50:40,407 INFO org.hibernate.Version [main] HHH000412: Hibernate ORM core version 5.6.5.Final
2022-03-21 13:50:40,665 INFO org.hibernate.annotations.common.reflection.java.JavaReflectionManager [main] HCANN000001: Hibernate Commons Annotations {5.1.2.Final}
2022-03-21 13:50:40,795 INFO com.zaxxer.hikari.HikariDataSource [main] HikariPool-1 - Starting...
2022-03-21 13:50:41,342 INFO com.zaxxer.hikari.HikariDataSource [main] HikariPool-1 - Start completed.
2022-03-21 13:50:41,373 INFO org.hibernate.dialect.Dialect [main] HHH000400: Using dialect: org.hibernate.dialect.MySQL8Dialect
2022-03-21 13:50:42,739 INFO org.hibernate.engine.transaction.jta.platform.internal.JtaPlatformInitiator [main] HHH000490: Using JtaPlatform implementation: [org.hibernate.engine.transaction.jta.platform.internal.NoJtaPlatform]
2022-03-21 13:50:42,749 INFO org.springframework.orm.jpa.AbstractEntityManagerFactoryBean [main] Initialized JPA EntityManagerFactory for persistence unit 'default'
2022-03-21 13:50:43,227 WARN org.springframework.boot.autoconfigure.orm.jpa.JpaBaseConfiguration$JpaWebConfiguration [main] spring.jpa.open-in-view is enabled by default. Therefore, database queries may be performed during view rendering. Explicitly configure spring.jpa.open-in-view to disable this warning
2022-03-21 13:50:43,641 INFO org.springframework.security.web.DefaultSecurityFilterChain [main] Will not secure any request
2022-03-21 13:50:44,135 INFO org.apache.juli.logging.DirectJDKLog [main] Starting ProtocolHandler ["http-nio-8080"]
2022-03-21 13:50:44,167 INFO org.springframework.boot.web.embedded.tomcat.TomcatWebServer [main] Tomcat started on port(s): 8080 (http) with context path ''
2022-03-21 13:50:44,179 INFO org.springframework.boot.StartupInfoLogger [main] Started CorkDorkApplication in 10.114 seconds (JVM running for 12.59)
2022-03-21 13:50:48,478 INFO org.apache.juli.logging.DirectJDKLog [http-nio-8080-exec-1] Initializing Spring DispatcherServlet 'dispatcherServlet'
2022-03-21 13:50:48,481 INFO org.springframework.web.servlet.FrameworkServlet [http-nio-8080-exec-1] Initializing Servlet 'dispatcherServlet'
2022-03-21 13:50:48,485 INFO org.springframework.web.servlet.FrameworkServlet [http-nio-8080-exec-1] Completed initialization in 4 ms
2022-03-21 13:51:10,772 INFO org.springframework.orm.jpa.AbstractEntityManagerFactoryBean [SpringApplicationShutdownHook] Closing JPA EntityManagerFactory for persistence unit 'default'
2022-03-21 13:51:10,776 INFO com.zaxxer.hikari.HikariDataSource [SpringApplicationShutdownHook] HikariPool-1 - Shutdown initiated...
2022-03-21 13:51:10,840 INFO com.zaxxer.hikari.HikariDataSource [SpringApplicationShutdownHook] HikariPool-1 - Shutdown completed.
2022-03-21 13:51:20,386 INFO org.springframework.boot.StartupInfoLogger [main] Starting CorkDorkApplication using Java 17.0.2 on DESKTOP-QMDKL51 with PID 15940 (C:\Users\Philippe\Documents\Java\JavaEnterprise\CorkDork\target\classes started by Philippe in C:\Users\Philippe\Documents\Java\JavaEnterprise\CorkDork)
2022-03-21 13:51:20,396 INFO org.springframework.boot.SpringApplication [main] No active profile set, falling back to 1 default profile: "default"
2022-03-21 13:51:21,504 INFO org.springframework.data.repository.config.RepositoryConfigurationDelegate [main] Bootstrapping Spring Data JPA repositories in DEFAULT mode.
2022-03-21 13:51:21,608 INFO org.springframework.data.repository.config.RepositoryConfigurationDelegate [main] Finished Spring Data repository scanning in 91 ms. Found 6 JPA repository interfaces.
2022-03-21 13:51:22,345 INFO org.springframework.boot.web.embedded.tomcat.TomcatWebServer [main] Tomcat initialized with port(s): 8080 (http)
2022-03-21 13:51:22,355 INFO org.apache.juli.logging.DirectJDKLog [main] Initializing ProtocolHandler ["http-nio-8080"]
2022-03-21 13:51:22,356 INFO org.apache.juli.logging.DirectJDKLog [main] Starting service [Tomcat]
2022-03-21 13:51:22,356 INFO org.apache.juli.logging.DirectJDKLog [main] Starting Servlet engine: [Apache Tomcat/9.0.58]
2022-03-21 13:51:22,486 INFO org.apache.juli.logging.DirectJDKLog [main] Initializing Spring embedded WebApplicationContext
2022-03-21 13:51:22,486 INFO org.springframework.boot.web.servlet.context.ServletWebServerApplicationContext [main] Root WebApplicationContext: initialization completed in 1989 ms
2022-03-21 13:51:22,736 INFO org.hibernate.jpa.internal.util.LogHelper [main] HHH000204: Processing PersistenceUnitInfo [name: default]
2022-03-21 13:51:22,796 INFO org.hibernate.Version [main] HHH000412: Hibernate ORM core version 5.6.5.Final
2022-03-21 13:51:22,958 INFO org.hibernate.annotations.common.reflection.java.JavaReflectionManager [main] HCANN000001: Hibernate Commons Annotations {5.1.2.Final}
2022-03-21 13:51:23,075 INFO com.zaxxer.hikari.HikariDataSource [main] HikariPool-1 - Starting...
2022-03-21 13:51:23,460 INFO com.zaxxer.hikari.HikariDataSource [main] HikariPool-1 - Start completed.
2022-03-21 13:51:23,486 INFO org.hibernate.dialect.Dialect [main] HHH000400: Using dialect: org.hibernate.dialect.MySQL8Dialect
2022-03-21 13:51:24,646 INFO org.hibernate.engine.transaction.jta.platform.internal.JtaPlatformInitiator [main] HHH000490: Using JtaPlatform implementation: [org.hibernate.engine.transaction.jta.platform.internal.NoJtaPlatform]
2022-03-21 13:51:24,660 INFO org.springframework.orm.jpa.AbstractEntityManagerFactoryBean [main] Initialized JPA EntityManagerFactory for persistence unit 'default'
2022-03-21 13:51:25,193 WARN org.springframework.boot.autoconfigure.orm.jpa.JpaBaseConfiguration$JpaWebConfiguration [main] spring.jpa.open-in-view is enabled by default. Therefore, database queries may be performed during view rendering. Explicitly configure spring.jpa.open-in-view to disable this warning
2022-03-21 13:51:25,605 INFO org.springframework.security.web.DefaultSecurityFilterChain [main] Will not secure any request
2022-03-21 13:51:26,048 INFO org.apache.juli.logging.DirectJDKLog [main] Starting ProtocolHandler ["http-nio-8080"]
2022-03-21 13:51:26,073 INFO org.springframework.boot.web.embedded.tomcat.TomcatWebServer [main] Tomcat started on port(s): 8080 (http) with context path ''
2022-03-21 13:51:26,089 INFO org.springframework.boot.StartupInfoLogger [main] Started CorkDorkApplication in 6.669 seconds (JVM running for 8.453)
2022-03-21 13:51:29,230 INFO org.apache.juli.logging.DirectJDKLog [http-nio-8080-exec-1] Initializing Spring DispatcherServlet 'dispatcherServlet'
2022-03-21 13:51:29,240 INFO org.springframework.web.servlet.FrameworkServlet [http-nio-8080-exec-1] Initializing Servlet 'dispatcherServlet'
2022-03-21 13:51:29,243 INFO org.springframework.web.servlet.FrameworkServlet [http-nio-8080-exec-1] Completed initialization in 3 ms
2022-03-21 13:51:39,096 INFO se.iths.corkdork.logger.LoggingController [http-nio-8080-exec-3] A INFO Message
2022-03-21 13:51:39,097 WARN se.iths.corkdork.logger.LoggingController [http-nio-8080-exec-3] A WARN Message
2022-03-21 13:51:39,098 ERROR se.iths.corkdork.logger.LoggingController [http-nio-8080-exec-3] A ERROR Message
2022-03-21 13:53:00,780 INFO org.springframework.orm.jpa.AbstractEntityManagerFactoryBean [SpringApplicationShutdownHook] Closing JPA EntityManagerFactory for persistence unit 'default'
2022-03-21 13:53:00,785 INFO com.zaxxer.hikari.HikariDataSource [SpringApplicationShutdownHook] HikariPool-1 - Shutdown initiated...
2022-03-21 13:53:00,844 INFO com.zaxxer.hikari.HikariDataSource [SpringApplicationShutdownHook] HikariPool-1 - Shutdown completed.
2022-03-21 13:53:09,709 INFO org.springframework.boot.StartupInfoLogger [main] Starting CorkDorkApplication using Java 17.0.2 on DESKTOP-QMDKL51 with PID 13324 (C:\Users\Philippe\Documents\Java\JavaEnterprise\CorkDork\target\classes started by Philippe in C:\Users\Philippe\Documents\Java\JavaEnterprise\CorkDork)
2022-03-21 13:53:09,714 INFO org.springframework.boot.SpringApplication [main] No active profile set, falling back to 1 default profile: "default"
2022-03-21 13:53:10,761 INFO org.springframework.data.repository.config.RepositoryConfigurationDelegate [main] Bootstrapping Spring Data JPA repositories in DEFAULT mode.
2022-03-21 13:53:10,866 INFO org.springframework.data.repository.config.RepositoryConfigurationDelegate [main] Finished Spring Data repository scanning in 88 ms. Found 6 JPA repository interfaces.
2022-03-21 13:53:11,688 INFO org.springframework.boot.web.embedded.tomcat.TomcatWebServer [main] Tomcat initialized with port(s): 8080 (http)
2022-03-21 13:53:11,700 INFO org.apache.juli.logging.DirectJDKLog [main] Initializing ProtocolHandler ["http-nio-8080"]
2022-03-21 13:53:11,701 INFO org.apache.juli.logging.DirectJDKLog [main] Starting service [Tomcat]
2022-03-21 13:53:11,702 INFO org.apache.juli.logging.DirectJDKLog [main] Starting Servlet engine: [Apache Tomcat/9.0.58]
2022-03-21 13:53:11,898 INFO org.apache.juli.logging.DirectJDKLog [main] Initializing Spring embedded WebApplicationContext
2022-03-21 13:53:11,904 INFO org.springframework.boot.web.servlet.context.ServletWebServerApplicationContext [main] Root WebApplicationContext: initialization completed in 2092 ms
2022-03-21 13:53:12,392 INFO org.hibernate.jpa.internal.util.LogHelper [main] HHH000204: Processing PersistenceUnitInfo [name: default]
2022-03-21 13:53:12,458 INFO org.hibernate.Version [main] HHH000412: Hibernate ORM core version 5.6.5.Final
2022-03-21 13:53:12,775 INFO org.hibernate.annotations.common.reflection.java.JavaReflectionManager [main] HCANN000001: Hibernate Commons Annotations {5.1.2.Final}
2022-03-21 13:53:12,979 INFO com.zaxxer.hikari.HikariDataSource [main] HikariPool-1 - Starting...
2022-03-21 13:53:13,833 INFO com.zaxxer.hikari.HikariDataSource [main] HikariPool-1 - Start completed.
2022-03-21 13:53:13,861 INFO org.hibernate.dialect.Dialect [main] HHH000400: Using dialect: org.hibernate.dialect.MySQL8Dialect
2022-03-21 13:53:15,334 INFO org.hibernate.engine.transaction.jta.platform.internal.JtaPlatformInitiator [main] HHH000490: Using JtaPlatform implementation: [org.hibernate.engine.transaction.jta.platform.internal.NoJtaPlatform]
2022-03-21 13:53:15,352 INFO org.springframework.orm.jpa.AbstractEntityManagerFactoryBean [main] Initialized JPA EntityManagerFactory for persistence unit 'default'
2022-03-21 13:53:15,817 WARN org.springframework.boot.autoconfigure.orm.jpa.JpaBaseConfiguration$JpaWebConfiguration [main] spring.jpa.open-in-view is enabled by default. Therefore, database queries may be performed during view rendering. Explicitly configure spring.jpa.open-in-view to disable this warning
2022-03-21 13:53:16,265 INFO org.springframework.security.web.DefaultSecurityFilterChain [main] Will not secure any request
2022-03-21 13:53:16,863 INFO org.apache.juli.logging.DirectJDKLog [main] Starting ProtocolHandler ["http-nio-8080"]
2022-03-21 13:53:16,904 INFO org.springframework.boot.web.embedded.tomcat.TomcatWebServer [main] Tomcat started on port(s): 8080 (http) with context path ''
2022-03-21 13:53:16,924 INFO org.springframework.boot.StartupInfoLogger [main] Started CorkDorkApplication in 8.153 seconds (JVM running for 9.689)
2022-03-21 13:53:20,225 INFO org.apache.juli.logging.DirectJDKLog [http-nio-8080-exec-1] Initializing Spring DispatcherServlet 'dispatcherServlet'
2022-03-21 13:53:20,227 INFO org.springframework.web.servlet.FrameworkServlet [http-nio-8080-exec-1] Initializing Servlet 'dispatcherServlet'
2022-03-21 13:53:20,230 INFO org.springframework.web.servlet.FrameworkServlet [http-nio-8080-exec-1] Completed initialization in 3 ms
2022-03-21 13:53:34,534 INFO se.iths.corkdork.logger.LoggingController [http-nio-8080-exec-6] A INFO Message
2022-03-21 13:53:34,535 WARN se.iths.corkdork.logger.LoggingController [http-nio-8080-exec-6] A WARN Message
2022-03-21 13:53:34,536 ERROR se.iths.corkdork.logger.LoggingController [http-nio-8080-exec-6] A ERROR Message
2022-03-21 13:57:21,522 INFO org.springframework.orm.jpa.AbstractEntityManagerFactoryBean [SpringApplicationShutdownHook] Closing JPA EntityManagerFactory for persistence unit 'default'
2022-03-21 13:57:21,529 INFO com.zaxxer.hikari.HikariDataSource [SpringApplicationShutdownHook] HikariPool-1 - Shutdown initiated...
2022-03-21 13:57:21,587 INFO com.zaxxer.hikari.HikariDataSource [SpringApplicationShutdownHook] HikariPool-1 - Shutdown completed.
2022-03-21 13:57:36,190 INFO org.springframework.boot.StartupInfoLogger [main] Starting CorkDorkApplication using Java 17.0.2 on DESKTOP-QMDKL51 with PID 12572 (C:\Users\Philippe\Documents\Java\JavaEnterprise\CorkDork\target\classes started by Philippe in C:\Users\Philippe\Documents\Java\JavaEnterprise\CorkDork)
2022-03-21 13:57:36,196 INFO org.springframework.boot.SpringApplication [main] No active profile set, falling back to 1 default profile: "default"
2022-03-21 13:57:37,196 INFO org.springframework.data.repository.config.RepositoryConfigurationDelegate [main] Bootstrapping Spring Data JPA repositories in DEFAULT mode.
2022-03-21 13:57:37,289 INFO org.springframework.data.repository.config.RepositoryConfigurationDelegate [main] Finished Spring Data repository scanning in 80 ms. Found 6 JPA repository interfaces.
2022-03-21 13:57:38,108 INFO org.springframework.boot.web.embedded.tomcat.TomcatWebServer [main] Tomcat initialized with port(s): 8080 (http)
2022-03-21 13:57:38,118 INFO org.apache.juli.logging.DirectJDKLog [main] Initializing ProtocolHandler ["http-nio-8080"]
2022-03-21 13:57:38,119 INFO org.apache.juli.logging.DirectJDKLog [main] Starting service [Tomcat]
2022-03-21 13:57:38,119 INFO org.apache.juli.logging.DirectJDKLog [main] Starting Servlet engine: [Apache Tomcat/9.0.58]
2022-03-21 13:57:38,234 INFO org.apache.juli.logging.DirectJDKLog [main] Initializing Spring embedded WebApplicationContext
2022-03-21 13:57:38,234 INFO org.springframework.boot.web.servlet.context.ServletWebServerApplicationContext [main] Root WebApplicationContext: initialization completed in 1930 ms
2022-03-21 13:57:38,578 INFO org.hibernate.jpa.internal.util.LogHelper [main] HHH000204: Processing PersistenceUnitInfo [name: default]
2022-03-21 13:57:38,639 INFO org.hibernate.Version [main] HHH000412: Hibernate ORM core version 5.6.5.Final
2022-03-21 13:57:38,819 INFO org.hibernate.annotations.common.reflection.java.JavaReflectionManager [main] HCANN000001: Hibernate Commons Annotations {5.1.2.Final}
2022-03-21 13:57:38,995 INFO com.zaxxer.hikari.HikariDataSource [main] HikariPool-1 - Starting...
2022-03-21 13:57:39,426 INFO com.zaxxer.hikari.HikariDataSource [main] HikariPool-1 - Start completed.
2022-03-21 13:57:39,458 INFO org.hibernate.dialect.Dialect [main] HHH000400: Using dialect: org.hibernate.dialect.MySQL8Dialect
2022-03-21 13:57:40,742 INFO org.hibernate.engine.transaction.jta.platform.internal.JtaPlatformInitiator [main] HHH000490: Using JtaPlatform implementation: [org.hibernate.engine.transaction.jta.platform.internal.NoJtaPlatform]
2022-03-21 13:57:40,753 INFO org.springframework.orm.jpa.AbstractEntityManagerFactoryBean [main] Initialized JPA EntityManagerFactory for persistence unit 'default'
2022-03-21 13:57:41,279 WARN org.springframework.boot.autoconfigure.orm.jpa.JpaBaseConfiguration$JpaWebConfiguration [main] spring.jpa.open-in-view is enabled by default. Therefore, database queries may be performed during view rendering. Explicitly configure spring.jpa.open-in-view to disable this warning
2022-03-21 13:57:41,784 INFO org.apache.juli.logging.DirectJDKLog [main] Starting ProtocolHandler ["http-nio-8080"]
2022-03-21 13:57:41,816 INFO org.springframework.boot.web.embedded.tomcat.TomcatWebServer [main] Tomcat started on port(s): 8080 (http) with context path ''
2022-03-21 13:57:41,830 INFO org.springframework.boot.StartupInfoLogger [main] Started CorkDorkApplication in 6.768 seconds (JVM running for 8.164)
2022-03-21 13:57:47,645 INFO org.apache.juli.logging.DirectJDKLog [http-nio-8080-exec-1] Initializing Spring DispatcherServlet 'dispatcherServlet'
2022-03-21 13:57:47,646 INFO org.springframework.web.servlet.FrameworkServlet [http-nio-8080-exec-1] Initializing Servlet 'dispatcherServlet'
2022-03-21 13:57:47,647 INFO org.springframework.web.servlet.FrameworkServlet [http-nio-8080-exec-1] Completed initialization in 1 ms
2022-03-21 17:56:51,693 WARN com.zaxxer.hikari.pool.HikariPool$HouseKeeper [HikariPool-1 housekeeper] HikariPool-1 - Thread starvation or clock leap detected (housekeeper delta=3h11s132ms400µs800ns).
